# JRE version: OpenJDK Runtime Environment Temurin-21.0.7+6 (21.0.7+6) (build 21.0.7+6-LTS)
# Java VM: OpenJDK 64-Bit Server VM Temurin-21.0.7+6 (21.0.7+6-LTS, mixed mode, sharing, tiered, compressed oops, compressed class ptrs, parallel gc, windows-amd64)
GC Precious Log:
 CardTable entry size: 512
 CPUs: 12 total, 12 available
 Memory: 6005M
 Large Page Support: Disabled
 NUMA Support: Disabled
 Compressed Oops: Enabled (32-bit)
 Alignments: Space 512K, Generation 512K, Heap 2M
 Heap Min Capacity: 100M
 Heap Initial Capacity: 100M
 Heap Max Capacity: 1G
 Pre-touch: Disabled
 Parallel Workers: 10
Heap:
 PSYoungGen      total 8192K, used 5117K [0x00000000eab00000, 0x00000000eb480000, 0x0000000100000000)
  eden space 6656K, 60% used [0x00000000eab00000,0x00000000eaefaca0,0x00000000eb180000)
  from space 1536K, 69% used [0x00000000eb300000,0x00000000eb40ca10,0x00000000eb480000)
  to   space 1536K, 0% used [0x00000000eb180000,0x00000000eb180000,0x00000000eb300000)
 ParOldGen       total 157184K, used 157072K [0x00000000c0000000, 0x00000000c9980000, 0x00000000eab00000)
  object space 157184K, 99% used [0x00000000c0000000,0x00000000c9964190,0x00000000c9980000)
 Metaspace       used 62669K, committed 64000K, reserved 1114112K
  class space    used 7166K, committed 7744K, reserved 1048576K
GC Heap History (20 events):
Event: 41.386 GC heap before
{Heap before GC invocations=166 (full 4):
 PSYoungGen      total 3584K, used 3104K [0x00000000eab00000, 0x00000000eb000000, 0x0000000100000000)
  eden space 2560K, 100% used [0x00000000eab00000,0x00000000ead80000,0x00000000ead80000)
  from space 1024K, 53% used [0x00000000ead80000,0x00000000eae08010,0x00000000eae80000)
  to   space 1024K, 0% used [0x00000000eaf00000,0x00000000eaf00000,0x00000000eb000000)
 ParOldGen       total 152576K, used 149931K [0x00000000c0000000, 0x00000000c9500000, 0x00000000eab00000)
  object space 152576K, 98% used [0x00000000c0000000,0x00000000c926ac30,0x00000000c9500000)
 Metaspace       used 62668K, committed 64000K, reserved 1114112K
  class space    used 7166K, committed 7744K, reserved 1048576K
}
Event: 41.389 GC heap after
{Heap after GC invocations=166 (full 4):
 PSYoungGen      total 4096K, used 544K [0x00000000eab00000, 0x00000000eb000000, 0x0000000100000000)
  eden space 3072K, 0% used [0x00000000eab00000,0x00000000eab00000,0x00000000eae00000)
  from space 1024K, 53% used [0x00000000eaf00000,0x00000000eaf88000,0x00000000eb000000)
  to   space 1024K, 0% used [0x00000000eae00000,0x00000000eae00000,0x00000000eaf00000)
 ParOldGen       total 152576K, used 150402K [0x00000000c0000000, 0x00000000c9500000, 0x00000000eab00000)
  object space 152576K, 98% used [0x00000000c0000000,0x00000000c92e0878,0x00000000c9500000)
 Metaspace       used 62668K, committed 64000K, reserved 1114112K
  class space    used 7166K, committed 7744K, reserved 1048576K
}
Event: 41.397 GC heap before
{Heap before GC invocations=167 (full 4):
 PSYoungGen      total 4096K, used 3616K [0x00000000eab00000, 0x00000000eb000000, 0x0000000100000000)
  eden space 3072K, 100% used [0x00000000eab00000,0x00000000eae00000,0x00000000eae00000)
  from space 1024K, 53% used [0x00000000eaf00000,0x00000000eaf88000,0x00000000eb000000)
  to   space 1024K, 0% used [0x00000000eae00000,0x00000000eae00000,0x00000000eaf00000)
 ParOldGen       total 152576K, used 150402K [0x00000000c0000000, 0x00000000c9500000, 0x00000000eab00000)
  object space 152576K, 98% used [0x00000000c0000000,0x00000000c92e0878,0x00000000c9500000)
 Metaspace       used 62668K, committed 64000K, reserved 1114112K
  class space    used 7166K, committed 7744K, reserved 1048576K
}
Event: 41.398 GC heap after
{Heap after GC invocations=167 (full 4):
 PSYoungGen      total 4096K, used 608K [0x00000000eab00000, 0x00000000eb100000, 0x0000000100000000)
  eden space 3072K, 0% used [0x00000000eab00000,0x00000000eab00000,0x00000000eae00000)
  from space 1024K, 59% used [0x00000000eae00000,0x00000000eae98000,0x00000000eaf00000)
  to   space 1024K, 0% used [0x00000000eb000000,0x00000000eb000000,0x00000000eb100000)
 ParOldGen       total 152576K, used 150745K [0x00000000c0000000, 0x00000000c9500000, 0x00000000eab00000)
  object space 152576K, 98% used [0x00000000c0000000,0x00000000c9336648,0x00000000c9500000)
 Metaspace       used 62668K, committed 64000K, reserved 1114112K
  class space    used 7166K, committed 7744K, reserved 1048576K
}
Event: 41.415 GC heap before
{Heap before GC invocations=168 (full 4):
 PSYoungGen      total 4096K, used 3679K [0x00000000eab00000, 0x00000000eb100000, 0x0000000100000000)
  eden space 3072K, 99% used [0x00000000eab00000,0x00000000eadffff0,0x00000000eae00000)
  from space 1024K, 59% used [0x00000000eae00000,0x00000000eae98000,0x00000000eaf00000)
  to   space 1024K, 0% used [0x00000000eb000000,0x00000000eb000000,0x00000000eb100000)
 ParOldGen       total 152576K, used 150745K [0x00000000c0000000, 0x00000000c9500000, 0x00000000eab00000)
  object space 152576K, 98% used [0x00000000c0000000,0x00000000c9336648,0x00000000c9500000)
 Metaspace       used 62668K, committed 64000K, reserved 1114112K
  class space    used 7166K, committed 7744K, reserved 1048576K
}
Event: 41.417 GC heap after
{Heap after GC invocations=168 (full 4):
 PSYoungGen      total 5120K, used 816K [0x00000000eab00000, 0x00000000eb100000, 0x0000000100000000)
  eden space 4096K, 0% used [0x00000000eab00000,0x00000000eab00000,0x00000000eaf00000)
  from space 1024K, 79% used [0x00000000eb000000,0x00000000eb0cc198,0x00000000eb100000)
  to   space 1024K, 0% used [0x00000000eaf00000,0x00000000eaf00000,0x00000000eb000000)
 ParOldGen       total 152576K, used 151207K [0x00000000c0000000, 0x00000000c9500000, 0x00000000eab00000)
  object space 152576K, 99% used [0x00000000c0000000,0x00000000c93a9c00,0x00000000c9500000)
 Metaspace       used 62668K, committed 64000K, reserved 1114112K
  class space    used 7166K, committed 7744K, reserved 1048576K
}
Event: 41.457 GC heap before
{Heap before GC invocations=169 (full 4):
 PSYoungGen      total 5120K, used 4912K [0x00000000eab00000, 0x00000000eb100000, 0x0000000100000000)
  eden space 4096K, 100% used [0x00000000eab00000,0x00000000eaf00000,0x00000000eaf00000)
  from space 1024K, 79% used [0x00000000eb000000,0x00000000eb0cc198,0x00000000eb100000)
  to   space 1024K, 0% used [0x00000000eaf00000,0x00000000eaf00000,0x00000000eb000000)
 ParOldGen       total 152576K, used 151207K [0x00000000c0000000, 0x00000000c9500000, 0x00000000eab00000)
  object space 152576K, 99% used [0x00000000c0000000,0x00000000c93a9c00,0x00000000c9500000)
 Metaspace       used 62668K, committed 64000K, reserved 1114112K
  class space    used 7166K, committed 7744K, reserved 1048576K
}
Event: 41.458 GC heap after
{Heap after GC invocations=169 (full 4):
 PSYoungGen      total 5120K, used 1022K [0x00000000eab00000, 0x00000000eb200000, 0x0000000100000000)
  eden space 4096K, 0% used [0x00000000eab00000,0x00000000eab00000,0x00000000eaf00000)
  from space 1024K, 99% used [0x00000000eaf00000,0x00000000eafff918,0x00000000eb000000)
  to   space 1536K, 0% used [0x00000000eb080000,0x00000000eb080000,0x00000000eb200000)
 ParOldGen       total 152576K, used 151764K [0x00000000c0000000, 0x00000000c9500000, 0x00000000eab00000)
  object space 152576K, 99% used [0x00000000c0000000,0x00000000c94353f8,0x00000000c9500000)
 Metaspace       used 62668K, committed 64000K, reserved 1114112K
  class space    used 7166K, committed 7744K, reserved 1048576K
}
Event: 41.483 GC heap before
{Heap before GC invocations=170 (full 4):
 PSYoungGen      total 5120K, used 5118K [0x00000000eab00000, 0x00000000eb200000, 0x0000000100000000)
  eden space 4096K, 100% used [0x00000000eab00000,0x00000000eaf00000,0x00000000eaf00000)
  from space 1024K, 99% used [0x00000000eaf00000,0x00000000eafff918,0x00000000eb000000)
  to   space 1536K, 0% used [0x00000000eb080000,0x00000000eb080000,0x00000000eb200000)
 ParOldGen       total 152576K, used 151764K [0x00000000c0000000, 0x00000000c9500000, 0x00000000eab00000)
  object space 152576K, 99% used [0x00000000c0000000,0x00000000c94353f8,0x00000000c9500000)
 Metaspace       used 62668K, committed 64000K, reserved 1114112K
  class space    used 7166K, committed 7744K, reserved 1048576K
}
Event: 41.485 GC heap after
{Heap after GC invocations=170 (full 4):
 PSYoungGen      total 5120K, used 775K [0x00000000eab00000, 0x00000000eb180000, 0x0000000100000000)
  eden space 4096K, 0% used [0x00000000eab00000,0x00000000eab00000,0x00000000eaf00000)
  from space 1024K, 75% used [0x00000000eb080000,0x00000000eb141f08,0x00000000eb180000)
  to   space 1024K, 0% used [0x00000000eaf00000,0x00000000eaf00000,0x00000000eb000000)
 ParOldGen       total 152576K, used 152521K [0x00000000c0000000, 0x00000000c9500000, 0x00000000eab00000)
  object space 152576K, 99% used [0x00000000c0000000,0x00000000c94f2758,0x00000000c9500000)
 Metaspace       used 62668K, committed 64000K, reserved 1114112K
  class space    used 7166K, committed 7744K, reserved 1048576K
}
Event: 41.508 GC heap before
{Heap before GC invocations=171 (full 4):
 PSYoungGen      total 5120K, used 4871K [0x00000000eab00000, 0x00000000eb180000, 0x0000000100000000)
  eden space 4096K, 100% used [0x00000000eab00000,0x00000000eaf00000,0x00000000eaf00000)
  from space 1024K, 75% used [0x00000000eb080000,0x00000000eb141f08,0x00000000eb180000)
  to   space 1024K, 0% used [0x00000000eaf00000,0x00000000eaf00000,0x00000000eb000000)
 ParOldGen       total 152576K, used 152521K [0x00000000c0000000, 0x00000000c9500000, 0x00000000eab00000)
  object space 152576K, 99% used [0x00000000c0000000,0x00000000c94f2758,0x00000000c9500000)
 Metaspace       used 62668K, committed 64000K, reserved 1114112K
  class space    used 7166K, committed 7744K, reserved 1048576K
}
Event: 41.510 GC heap after
{Heap after GC invocations=171 (full 4):
 PSYoungGen      total 5120K, used 4871K [0x00000000eab00000, 0x00000000eb180000, 0x0000000100000000)
  eden space 4096K, 100% used [0x00000000eab00000,0x00000000eaf00000,0x00000000eaf00000)
  from space 1024K, 75% used [0x00000000eb080000,0x00000000eb141f08,0x00000000eb180000)
  to   space 1024K, 74% used [0x00000000eaf00000,0x00000000eafbf1e0,0x00000000eb000000)
 ParOldGen       total 153088K, used 153028K [0x00000000c0000000, 0x00000000c9580000, 0x00000000eab00000)
  object space 153088K, 99% used [0x00000000c0000000,0x00000000c9571038,0x00000000c9580000)
 Metaspace       used 62668K, committed 64000K, reserved 1114112K
  class space    used 7166K, committed 7744K, reserved 1048576K
}
Event: 41.510 GC heap before
{Heap before GC invocations=172 (full 5):
 PSYoungGen      total 5120K, used 4871K [0x00000000eab00000, 0x00000000eb180000, 0x0000000100000000)
  eden space 4096K, 100% used [0x00000000eab00000,0x00000000eaf00000,0x00000000eaf00000)
  from space 1024K, 75% used [0x00000000eb080000,0x00000000eb141f08,0x00000000eb180000)
  to   space 1024K, 74% used [0x00000000eaf00000,0x00000000eafbf1e0,0x00000000eb000000)
 ParOldGen       total 153088K, used 153028K [0x00000000c0000000, 0x00000000c9580000, 0x00000000eab00000)
  object space 153088K, 99% used [0x00000000c0000000,0x00000000c9571038,0x00000000c9580000)
 Metaspace       used 62668K, committed 64000K, reserved 1114112K
  class space    used 7166K, committed 7744K, reserved 1048576K
}
Event: 41.637 GC heap after
{Heap after GC invocations=172 (full 5):
 PSYoungGen      total 5120K, used 0K [0x00000000eab00000, 0x00000000eb180000, 0x0000000100000000)
  eden space 4096K, 0% used [0x00000000eab00000,0x00000000eab00000,0x00000000eaf00000)
  from space 1024K, 0% used [0x00000000eaf00000,0x00000000eaf00000,0x00000000eb000000)
  to   space 1024K, 0% used [0x00000000eb080000,0x00000000eb080000,0x00000000eb180000)
 ParOldGen       total 153088K, used 150560K [0x00000000c0000000, 0x00000000c9580000, 0x00000000eab00000)
  object space 153088K, 98% used [0x00000000c0000000,0x00000000c9308040,0x00000000c9580000)
 Metaspace       used 62668K, committed 64000K, reserved 1114112K
  class space    used 7166K, committed 7744K, reserved 1048576K
}
Event: 41.650 GC heap before
{Heap before GC invocations=173 (full 5):
 PSYoungGen      total 5120K, used 4096K [0x00000000eab00000, 0x00000000eb180000, 0x0000000100000000)
  eden space 4096K, 100% used [0x00000000eab00000,0x00000000eaf00000,0x00000000eaf00000)
  from space 1024K, 0% used [0x00000000eaf00000,0x00000000eaf00000,0x00000000eb000000)
  to   space 1024K, 0% used [0x00000000eb080000,0x00000000eb080000,0x00000000eb180000)
 ParOldGen       total 153088K, used 150560K [0x00000000c0000000, 0x00000000c9580000, 0x00000000eab00000)
  object space 153088K, 98% used [0x00000000c0000000,0x00000000c9308040,0x00000000c9580000)
 Metaspace       used 62668K, committed 64000K, reserved 1114112K
  class space    used 7166K, committed 7744K, reserved 1048576K
}
Event: 41.651 GC heap after
{Heap after GC invocations=173 (full 5):
 PSYoungGen      total 5120K, used 780K [0x00000000eab00000, 0x00000000eb180000, 0x0000000100000000)
  eden space 4096K, 0% used [0x00000000eab00000,0x00000000eab00000,0x00000000eaf00000)
  from space 1024K, 76% used [0x00000000eb080000,0x00000000eb143200,0x00000000eb180000)
  to   space 1024K, 0% used [0x00000000eaf00000,0x00000000eaf00000,0x00000000eb000000)
 ParOldGen       total 153088K, used 150560K [0x00000000c0000000, 0x00000000c9580000, 0x00000000eab00000)
  object space 153088K, 98% used [0x00000000c0000000,0x00000000c9308040,0x00000000c9580000)
 Metaspace       used 62668K, committed 64000K, reserved 1114112K
  class space    used 7166K, committed 7744K, reserved 1048576K
}
Event: 41.662 GC heap before
{Heap before GC invocations=174 (full 5):
 PSYoungGen      total 5120K, used 4876K [0x00000000eab00000, 0x00000000eb180000, 0x0000000100000000)
  eden space 4096K, 100% used [0x00000000eab00000,0x00000000eaf00000,0x00000000eaf00000)
  from space 1024K, 76% used [0x00000000eb080000,0x00000000eb143200,0x00000000eb180000)
  to   space 1024K, 0% used [0x00000000eaf00000,0x00000000eaf00000,0x00000000eb000000)
 ParOldGen       total 153088K, used 150560K [0x00000000c0000000, 0x00000000c9580000, 0x00000000eab00000)
  object space 153088K, 98% used [0x00000000c0000000,0x00000000c9308040,0x00000000c9580000)
 Metaspace       used 62668K, committed 64000K, reserved 1114112K
  class space    used 7166K, committed 7744K, reserved 1048576K
}
Event: 41.663 GC heap after
{Heap after GC invocations=174 (full 5):
 PSYoungGen      total 5120K, used 1015K [0x00000000eab00000, 0x00000000eb200000, 0x0000000100000000)
  eden space 4096K, 0% used [0x00000000eab00000,0x00000000eab00000,0x00000000eaf00000)
  from space 1024K, 99% used [0x00000000eaf00000,0x00000000eaffdc18,0x00000000eb000000)
  to   space 1536K, 0% used [0x00000000eb080000,0x00000000eb080000,0x00000000eb200000)
 ParOldGen       total 153088K, used 150880K [0x00000000c0000000, 0x00000000c9580000, 0x00000000eab00000)
  object space 153088K, 98% used [0x00000000c0000000,0x00000000c9358070,0x00000000c9580000)
 Metaspace       used 62668K, committed 64000K, reserved 1114112K
  class space    used 7166K, committed 7744K, reserved 1048576K
}
Event: 41.672 GC heap before
{Heap before GC invocations=175 (full 5):
 PSYoungGen      total 5120K, used 5111K [0x00000000eab00000, 0x00000000eb200000, 0x0000000100000000)
  eden space 4096K, 100% used [0x00000000eab00000,0x00000000eaf00000,0x00000000eaf00000)
  from space 1024K, 99% used [0x00000000eaf00000,0x00000000eaffdc18,0x00000000eb000000)
  to   space 1536K, 0% used [0x00000000eb080000,0x00000000eb080000,0x00000000eb200000)
 ParOldGen       total 153088K, used 150880K [0x00000000c0000000, 0x00000000c9580000, 0x00000000eab00000)
  object space 153088K, 98% used [0x00000000c0000000,0x00000000c9358070,0x00000000c9580000)
 Metaspace       used 62668K, committed 64000K, reserved 1114112K
  class space    used 7166K, committed 7744K, reserved 1048576K
}
Event: 41.673 GC heap after
{Heap after GC invocations=175 (full 5):
 PSYoungGen      total 5632K, used 866K [0x00000000eab00000, 0x00000000eb280000, 0x0000000100000000)
  eden space 4096K, 0% used [0x00000000eab00000,0x00000000eab00000,0x00000000eaf00000)
  from space 1536K, 56% used [0x00000000eb080000,0x00000000eb1589a0,0x00000000eb200000)
  to   space 1536K, 0% used [0x00000000eaf00000,0x00000000eaf00000,0x00000000eb080000)
 ParOldGen       total 153088K, used 151907K [0x00000000c0000000, 0x00000000c9580000, 0x00000000eab00000)
  object space 153088K, 99% used [0x00000000c0000000,0x00000000c9458c78,0x00000000c9580000)
 Metaspace       used 62668K, committed 64000K, reserved 1114112K
  class space    used 7166K, committed 7744K, reserved 1048576K
}

