# JRE version: OpenJDK Runtime Environment (21.0.5) (build 21.0.5+-12932927-b750.29)
# Java VM: OpenJDK 64-Bit Server VM (21.0.5+-12932927-b750.29, mixed mode, tiered, compressed oops, compressed class ptrs, g1 gc, windows-amd64)
GC Precious Log:
 CardTable entry size: 512
 Card Set container configuration: InlinePtr #cards 5 size 8 Array Of Cards #cards 12 size 40 Howl #buckets 4 coarsen threshold 1843 Howl Bitmap #cards 512 size 80 coarsen threshold 460 Card regions per heap region 1 cards per card region 2048
 CPUs: 12 total, 12 available
 Memory: 6005M
 Large Page Support: Disabled
 NUMA Support: Disabled
 Compressed Oops: Enabled (32-bit)
 Heap Region Size: 1M
 Heap Min Capacity: 8M
 Heap Initial Capacity: 94M
 Heap Max Capacity: 2G
 Pre-touch: Disabled
 Parallel Workers: 10
 Concurrent Workers: 3
 Concurrent Refinement Workers: 10
 Periodic GC: Disabled
Heap:
 garbage-first heap   total 105472K, used 98561K [0x0000000080000000, 0x0000000100000000)
  region size 1024K, 44 young (45056K), 5 survivors (5120K)
 Metaspace       used 62252K, committed 63936K, reserved 1114112K
  class space    used 8359K, committed 9216K, reserved 1048576K
GC Heap History (20 events):
Event: 15.401 GC heap after
{Heap after GC invocations=11 (full 0):
 garbage-first heap   total 82944K, used 34251K [0x0000000080000000, 0x0000000100000000)
  region size 1024K, 6 young (6144K), 6 survivors (6144K)
 Metaspace       used 46934K, committed 48128K, reserved 1114112K
  class space    used 6285K, committed 6848K, reserved 1048576K
}
Event: 16.539 GC heap before
{Heap before GC invocations=11 (full 0):
 garbage-first heap   total 82944K, used 76235K [0x0000000080000000, 0x0000000100000000)
  region size 1024K, 42 young (43008K), 6 survivors (6144K)
 Metaspace       used 50736K, committed 52096K, reserved 1114112K
  class space    used 6750K, committed 7424K, reserved 1048576K
}
Event: 16.549 GC heap after
{Heap after GC invocations=12 (full 0):
 garbage-first heap   total 87040K, used 38377K [0x0000000080000000, 0x0000000100000000)
  region size 1024K, 4 young (4096K), 4 survivors (4096K)
 Metaspace       used 50736K, committed 52096K, reserved 1114112K
  class space    used 6750K, committed 7424K, reserved 1048576K
}
Event: 18.124 GC heap before
{Heap before GC invocations=12 (full 0):
 garbage-first heap   total 87040K, used 76265K [0x0000000080000000, 0x0000000100000000)
  region size 1024K, 40 young (40960K), 4 survivors (4096K)
 Metaspace       used 55677K, committed 57152K, reserved 1114112K
  class space    used 7435K, committed 8192K, reserved 1048576K
}
Event: 18.129 GC heap after
{Heap after GC invocations=13 (full 0):
 garbage-first heap   total 87040K, used 41403K [0x0000000080000000, 0x0000000100000000)
  region size 1024K, 3 young (3072K), 3 survivors (3072K)
 Metaspace       used 55677K, committed 57152K, reserved 1114112K
  class space    used 7435K, committed 8192K, reserved 1048576K
}
Event: 19.263 GC heap before
{Heap before GC invocations=13 (full 0):
 garbage-first heap   total 87040K, used 70075K [0x0000000080000000, 0x0000000100000000)
  region size 1024K, 32 young (32768K), 3 survivors (3072K)
 Metaspace       used 59045K, committed 60608K, reserved 1114112K
  class space    used 7981K, committed 8768K, reserved 1048576K
}
Event: 19.268 GC heap after
{Heap after GC invocations=14 (full 0):
 garbage-first heap   total 87040K, used 42657K [0x0000000080000000, 0x0000000100000000)
  region size 1024K, 2 young (2048K), 2 survivors (2048K)
 Metaspace       used 59045K, committed 60608K, reserved 1114112K
  class space    used 7981K, committed 8768K, reserved 1048576K
}
Event: 21.379 GC heap before
{Heap before GC invocations=15 (full 0):
 garbage-first heap   total 87040K, used 77473K [0x0000000080000000, 0x0000000100000000)
  region size 1024K, 36 young (36864K), 2 survivors (2048K)
 Metaspace       used 61094K, committed 62720K, reserved 1114112K
  class space    used 8282K, committed 9088K, reserved 1048576K
}
Event: 21.387 GC heap after
{Heap after GC invocations=16 (full 0):
 garbage-first heap   total 87040K, used 48041K [0x0000000080000000, 0x0000000100000000)
  region size 1024K, 5 young (5120K), 5 survivors (5120K)
 Metaspace       used 61094K, committed 62720K, reserved 1114112K
  class space    used 8282K, committed 9088K, reserved 1048576K
}
Event: 21.908 GC heap before
{Heap before GC invocations=16 (full 0):
 garbage-first heap   total 87040K, used 76713K [0x0000000080000000, 0x0000000100000000)
  region size 1024K, 33 young (33792K), 5 survivors (5120K)
 Metaspace       used 61421K, committed 63040K, reserved 1114112K
  class space    used 8283K, committed 9088K, reserved 1048576K
}
Event: 21.916 GC heap after
{Heap after GC invocations=17 (full 0):
 garbage-first heap   total 87040K, used 49850K [0x0000000080000000, 0x0000000100000000)
  region size 1024K, 4 young (4096K), 4 survivors (4096K)
 Metaspace       used 61421K, committed 63040K, reserved 1114112K
  class space    used 8283K, committed 9088K, reserved 1048576K
}
Event: 22.476 GC heap before
{Heap before GC invocations=17 (full 0):
 garbage-first heap   total 87040K, used 75450K [0x0000000080000000, 0x0000000100000000)
  region size 1024K, 30 young (30720K), 4 survivors (4096K)
 Metaspace       used 61784K, committed 63424K, reserved 1114112K
  class space    used 8310K, committed 9152K, reserved 1048576K
}
Event: 22.481 GC heap after
{Heap after GC invocations=18 (full 0):
 garbage-first heap   total 87040K, used 50748K [0x0000000080000000, 0x0000000100000000)
  region size 1024K, 4 young (4096K), 4 survivors (4096K)
 Metaspace       used 61784K, committed 63424K, reserved 1114112K
  class space    used 8310K, committed 9152K, reserved 1048576K
}
Event: 22.818 GC heap before
{Heap before GC invocations=19 (full 0):
 garbage-first heap   total 87040K, used 75324K [0x0000000080000000, 0x0000000100000000)
  region size 1024K, 29 young (29696K), 4 survivors (4096K)
 Metaspace       used 61914K, committed 63552K, reserved 1114112K
  class space    used 8310K, committed 9152K, reserved 1048576K
}
Event: 22.822 GC heap after
{Heap after GC invocations=20 (full 0):
 garbage-first heap   total 87040K, used 51468K [0x0000000080000000, 0x0000000100000000)
  region size 1024K, 4 young (4096K), 4 survivors (4096K)
 Metaspace       used 61914K, committed 63552K, reserved 1114112K
  class space    used 8310K, committed 9152K, reserved 1048576K
}
Event: 23.091 GC heap before
{Heap before GC invocations=20 (full 0):
 garbage-first heap   total 87040K, used 77068K [0x0000000080000000, 0x0000000100000000)
  region size 1024K, 29 young (29696K), 4 survivors (4096K)
 Metaspace       used 61949K, committed 63616K, reserved 1114112K
  class space    used 8310K, committed 9152K, reserved 1048576K
}
Event: 23.096 GC heap after
{Heap after GC invocations=21 (full 0):
 garbage-first heap   total 87040K, used 50845K [0x0000000080000000, 0x0000000100000000)
  region size 1024K, 4 young (4096K), 4 survivors (4096K)
 Metaspace       used 61949K, committed 63616K, reserved 1114112K
  class space    used 8310K, committed 9152K, reserved 1048576K
}
Event: 23.420 GC heap before
{Heap before GC invocations=21 (full 0):
 garbage-first heap   total 87040K, used 75421K [0x0000000080000000, 0x0000000100000000)
  region size 1024K, 29 young (29696K), 4 survivors (4096K)
 Metaspace       used 61957K, committed 63616K, reserved 1114112K
  class space    used 8311K, committed 9152K, reserved 1048576K
}
Event: 23.424 GC heap after
{Heap after GC invocations=22 (full 0):
 garbage-first heap   total 104448K, used 51548K [0x0000000080000000, 0x0000000100000000)
  region size 1024K, 4 young (4096K), 4 survivors (4096K)
 Metaspace       used 61957K, committed 63616K, reserved 1114112K
  class space    used 8311K, committed 9152K, reserved 1048576K
}
Event: 24.133 GC heap before
{Heap before GC invocations=23 (full 0):
 garbage-first heap   total 104448K, used 97628K [0x0000000080000000, 0x0000000100000000)
  region size 1024K, 43 young (44032K), 4 survivors (4096K)
 Metaspace       used 62252K, committed 63936K, reserved 1114112K
  class space    used 8359K, committed 9216K, reserved 1048576K
}

